Analysis & Synthesis report for Vending_Machine
Tue May 23 20:42:51 2017
Quartus Prime Version 16.1.0 Build 196 10/24/2016 SJ Lite Edition


---------------------
; Table of Contents ;
---------------------
  1. Legal Notice
  2. Analysis & Synthesis Summary
  3. Analysis & Synthesis Settings
  4. Parallel Compilation
  5. Analysis & Synthesis Source Files Read
  6. Analysis & Synthesis Resource Usage Summary
  7. Analysis & Synthesis Resource Utilization by Entity
  8. General Register Statistics
  9. Port Connectivity Checks: "BIN2SEG:fark|BIN2BCD:inst|add3:m6"
 10. Port Connectivity Checks: "BIN2SEG:fark|BIN2BCD:inst|add3:m1"
 11. Post-Synthesis Netlist Statistics for Top Partition
 12. Elapsed Time Per Partition
 13. Analysis & Synthesis Messages



----------------
; Legal Notice ;
----------------
Copyright (C) 2016  Intel Corporation. All rights reserved.
Your use of Intel Corporation's design tools, logic functions 
and other software and tools, and its AMPP partner logic 
functions, and any output files from any of the foregoing 
(including device programming or simulation files), and any 
associated documentation or information are expressly subject 
to the terms and conditions of the Intel Program License 
Subscription Agreement, the Intel Quartus Prime License Agreement,
the Intel MegaCore Function License Agreement, or other 
applicable license agreement, including, without limitation, 
that your use is for the sole purpose of programming logic 
devices manufactured by Intel and sold by Intel or its 
authorized distributors.  Please refer to the applicable 
agreement for further details.



+----------------------------------------------------------------------------------+
; Analysis & Synthesis Summary                                                     ;
+------------------------------------+---------------------------------------------+
; Analysis & Synthesis Status        ; Successful - Tue May 23 20:42:51 2017       ;
; Quartus Prime Version              ; 16.1.0 Build 196 10/24/2016 SJ Lite Edition ;
; Revision Name                      ; Vending_Machine                             ;
; Top-level Entity Name              ; Vending_Machine                             ;
; Family                             ; Cyclone IV E                                ;
; Total logic elements               ; 74                                          ;
;     Total combinational functions  ; 74                                          ;
;     Dedicated logic registers      ; 0                                           ;
; Total registers                    ; 0                                           ;
; Total pins                         ; 57                                          ;
; Total virtual pins                 ; 0                                           ;
; Total memory bits                  ; 0                                           ;
; Embedded Multiplier 9-bit elements ; 0                                           ;
; Total PLLs                         ; 0                                           ;
+------------------------------------+---------------------------------------------+


+----------------------------------------------------------------------------------------------------------------------+
; Analysis & Synthesis Settings                                                                                        ;
+----------------------------------------------------------------------------+--------------------+--------------------+
; Option                                                                     ; Setting            ; Default Value      ;
+----------------------------------------------------------------------------+--------------------+--------------------+
; Device                                                                     ; EP4CE115F29C7      ;                    ;
; Top-level entity name                                                      ; Vending_Machine    ; Vending_Machine    ;
; Family name                                                                ; Cyclone IV E       ; Cyclone V          ;
; Use smart compilation                                                      ; Off                ; Off                ;
; Enable parallel Assembler and TimeQuest Timing Analyzer during compilation ; On                 ; On                 ;
; Enable compact report table                                                ; Off                ; Off                ;
; Restructure Multiplexers                                                   ; Auto               ; Auto               ;
; Create Debugging Nodes for IP Cores                                        ; Off                ; Off                ;
; Preserve fewer node names                                                  ; On                 ; On                 ;
; OpenCore Plus hardware evaluation                                          ; Enable             ; Enable             ;
; Verilog Version                                                            ; Verilog_2001       ; Verilog_2001       ;
; VHDL Version                                                               ; VHDL_1993          ; VHDL_1993          ;
; State Machine Processing                                                   ; Auto               ; Auto               ;
; Safe State Machine                                                         ; Off                ; Off                ;
; Extract Verilog State Machines                                             ; On                 ; On                 ;
; Extract VHDL State Machines                                                ; On                 ; On                 ;
; Ignore Verilog initial constructs                                          ; Off                ; Off                ;
; Iteration limit for constant Verilog loops                                 ; 5000               ; 5000               ;
; Iteration limit for non-constant Verilog loops                             ; 250                ; 250                ;
; Add Pass-Through Logic to Inferred RAMs                                    ; On                 ; On                 ;
; Infer RAMs from Raw Logic                                                  ; On                 ; On                 ;
; Parallel Synthesis                                                         ; On                 ; On                 ;
; DSP Block Balancing                                                        ; Auto               ; Auto               ;
; NOT Gate Push-Back                                                         ; On                 ; On                 ;
; Power-Up Don't Care                                                        ; On                 ; On                 ;
; Remove Redundant Logic Cells                                               ; Off                ; Off                ;
; Remove Duplicate Registers                                                 ; On                 ; On                 ;
; Ignore CARRY Buffers                                                       ; Off                ; Off                ;
; Ignore CASCADE Buffers                                                     ; Off                ; Off                ;
; Ignore GLOBAL Buffers                                                      ; Off                ; Off                ;
; Ignore ROW GLOBAL Buffers                                                  ; Off                ; Off                ;
; Ignore LCELL Buffers                                                       ; Off                ; Off                ;
; Ignore SOFT Buffers                                                        ; On                 ; On                 ;
; Limit AHDL Integers to 32 Bits                                             ; Off                ; Off                ;
; Optimization Technique                                                     ; Balanced           ; Balanced           ;
; Carry Chain Length                                                         ; 70                 ; 70                 ;
; Auto Carry Chains                                                          ; On                 ; On                 ;
; Auto Open-Drain Pins                                                       ; On                 ; On                 ;
; Perform WYSIWYG Primitive Resynthesis                                      ; Off                ; Off                ;
; Auto ROM Replacement                                                       ; On                 ; On                 ;
; Auto RAM Replacement                                                       ; On                 ; On                 ;
; Auto DSP Block Replacement                                                 ; On                 ; On                 ;
; Auto Shift Register Replacement                                            ; Auto               ; Auto               ;
; Allow Shift Register Merging across Hierarchies                            ; Auto               ; Auto               ;
; Auto Clock Enable Replacement                                              ; On                 ; On                 ;
; Strict RAM Replacement                                                     ; Off                ; Off                ;
; Allow Synchronous Control Signals                                          ; On                 ; On                 ;
; Force Use of Synchronous Clear Signals                                     ; Off                ; Off                ;
; Auto RAM Block Balancing                                                   ; On                 ; On                 ;
; Auto RAM to Logic Cell Conversion                                          ; Off                ; Off                ;
; Auto Resource Sharing                                                      ; Off                ; Off                ;
; Allow Any RAM Size For Recognition                                         ; Off                ; Off                ;
; Allow Any ROM Size For Recognition                                         ; Off                ; Off                ;
; Allow Any Shift Register Size For Recognition                              ; Off                ; Off                ;
; Use LogicLock Constraints during Resource Balancing                        ; On                 ; On                 ;
; Ignore translate_off and synthesis_off directives                          ; Off                ; Off                ;
; Timing-Driven Synthesis                                                    ; On                 ; On                 ;
; Report Parameter Settings                                                  ; On                 ; On                 ;
; Report Source Assignments                                                  ; On                 ; On                 ;
; Report Connectivity Checks                                                 ; On                 ; On                 ;
; Ignore Maximum Fan-Out Assignments                                         ; Off                ; Off                ;
; Synchronization Register Chain Length                                      ; 2                  ; 2                  ;
; PowerPlay Power Optimization During Synthesis                              ; Normal compilation ; Normal compilation ;
; HDL message level                                                          ; Level2             ; Level2             ;
; Suppress Register Optimization Related Messages                            ; Off                ; Off                ;
; Number of Removed Registers Reported in Synthesis Report                   ; 5000               ; 5000               ;
; Number of Swept Nodes Reported in Synthesis Report                         ; 5000               ; 5000               ;
; Number of Inverted Registers Reported in Synthesis Report                  ; 100                ; 100                ;
; Clock MUX Protection                                                       ; On                 ; On                 ;
; Auto Gated Clock Conversion                                                ; Off                ; Off                ;
; Block Design Naming                                                        ; Auto               ; Auto               ;
; SDC constraint protection                                                  ; Off                ; Off                ;
; Synthesis Effort                                                           ; Auto               ; Auto               ;
; Shift Register Replacement - Allow Asynchronous Clear Signal               ; On                 ; On                 ;
; Pre-Mapping Resynthesis Optimization                                       ; Off                ; Off                ;
; Analysis & Synthesis Message Level                                         ; Medium             ; Medium             ;
; Disable Register Merging Across Hierarchies                                ; Auto               ; Auto               ;
; Resource Aware Inference For Block RAM                                     ; On                 ; On                 ;
+----------------------------------------------------------------------------+--------------------+--------------------+


+------------------------------------------+
; Parallel Compilation                     ;
+----------------------------+-------------+
; Processors                 ; Number      ;
+----------------------------+-------------+
; Number detected on machine ; 8           ;
; Maximum allowed            ; 4           ;
;                            ;             ;
; Average used               ; 1.00        ;
; Maximum used               ; 1           ;
;                            ;             ;
; Usage by Processor         ; % Time Used ;
;     Processor 1            ; 100.0%      ;
+----------------------------+-------------+


+--------------------------------------------------------------------------------------------------------------------------------------------------------------------------------------+
; Analysis & Synthesis Source Files Read                                                                                                                                               ;
+----------------------------------+-----------------+------------------------------------+----------------------------------------------------------------------------------+---------+
; File Name with User-Entered Path ; Used in Netlist ; File Type                          ; File Name with Absolute Path                                                     ; Library ;
+----------------------------------+-----------------+------------------------------------+----------------------------------------------------------------------------------+---------+
; Vending_Machine.bdf              ; yes             ; User Block Diagram/Schematic File  ; C:/Users/bersa/Desktop/New folder (2)/Vending Machine/Vending_Machine.bdf        ;         ;
; MUX41.bdf                        ; yes             ; User Block Diagram/Schematic File  ; C:/Users/bersa/Desktop/New folder (2)/Vending Machine/MUX41.bdf                  ;         ;
; FourBitComparator.bdf            ; yes             ; User Block Diagram/Schematic File  ; C:/Users/bersa/Desktop/New folder (2)/Vending Machine/FourBitComparator.bdf      ;         ;
; DEMUX41.bdf                      ; yes             ; User Block Diagram/Schematic File  ; C:/Users/bersa/Desktop/New folder (2)/Vending Machine/DEMUX41.bdf                ;         ;
; BCD2SEG.v                        ; yes             ; User Verilog HDL File              ; C:/Users/bersa/Desktop/New folder (2)/Vending Machine/BCD2SEG.v                  ;         ;
; add3.v                           ; yes             ; User Verilog HDL File              ; C:/Users/bersa/Desktop/New folder (2)/Vending Machine/add3.v                     ;         ;
; BIN2BCD.v                        ; yes             ; User Verilog HDL File              ; C:/Users/bersa/Desktop/New folder (2)/Vending Machine/BIN2BCD.v                  ;         ;
; BIN2SEG.bdf                      ; yes             ; User Block Diagram/Schematic File  ; C:/Users/bersa/Desktop/New folder (2)/Vending Machine/BIN2SEG.bdf                ;         ;
; FullSubstractor.v                ; yes             ; User Verilog HDL File              ; C:/Users/bersa/Desktop/New folder (2)/Vending Machine/FullSubstractor.v          ;         ;
; FullSubstractorAdapter.bdf       ; yes             ; User Block Diagram/Schematic File  ; C:/Users/bersa/Desktop/New folder (2)/Vending Machine/FullSubstractorAdapter.bdf ;         ;
+----------------------------------+-----------------+------------------------------------+----------------------------------------------------------------------------------+---------+


+-----------------------------------------------------------+
; Analysis & Synthesis Resource Usage Summary               ;
+---------------------------------------------+-------------+
; Resource                                    ; Usage       ;
+---------------------------------------------+-------------+
; Estimated Total logic elements              ; 74          ;
;                                             ;             ;
; Total combinational functions               ; 74          ;
; Logic element usage by number of LUT inputs ;             ;
;     -- 4 input functions                    ; 43          ;
;     -- 3 input functions                    ; 19          ;
;     -- <=2 input functions                  ; 12          ;
;                                             ;             ;
; Logic elements by mode                      ;             ;
;     -- normal mode                          ; 70          ;
;     -- arithmetic mode                      ; 4           ;
;                                             ;             ;
; Total registers                             ; 0           ;
;     -- Dedicated logic registers            ; 0           ;
;     -- I/O registers                        ; 0           ;
;                                             ;             ;
; I/O pins                                    ; 57          ;
;                                             ;             ;
; Embedded Multiplier 9-bit elements          ; 0           ;
;                                             ;             ;
; Maximum fan-out node                        ; SW[4]~input ;
; Maximum fan-out                             ; 21          ;
; Total fan-out                               ; 353         ;
; Average fan-out                             ; 1.88        ;
+---------------------------------------------+-------------+


+-----------------------------------------------------------------------------------------------------------------------------------------------------------------------------------------------------------------------------------------------------------------------------+
; Analysis & Synthesis Resource Utilization by Entity                                                                                                                                                                                                                         ;
+------------------------------------+---------------------+---------------------------+-------------+--------------+---------+-----------+------+--------------+---------------------------------------------------------------------+------------------------+--------------+
; Compilation Hierarchy Node         ; Combinational ALUTs ; Dedicated Logic Registers ; Memory Bits ; DSP Elements ; DSP 9x9 ; DSP 18x18 ; Pins ; Virtual Pins ; Full Hierarchy Name                                                 ; Entity Name            ; Library Name ;
+------------------------------------+---------------------+---------------------------+-------------+--------------+---------+-----------+------+--------------+---------------------------------------------------------------------+------------------------+--------------+
; |Vending_Machine                   ; 74 (9)              ; 0 (0)                     ; 0           ; 0            ; 0       ; 0         ; 57   ; 0            ; |Vending_Machine                                                    ; Vending_Machine        ; work         ;
;    |BIN2SEG:fark|                  ; 25 (0)              ; 0 (0)                     ; 0           ; 0            ; 0       ; 0         ; 0    ; 0            ; |Vending_Machine|BIN2SEG:fark                                       ; BIN2SEG                ; work         ;
;       |BCD2SEG:inst1|              ; 14 (14)             ; 0 (0)                     ; 0           ; 0            ; 0       ; 0         ; 0    ; 0            ; |Vending_Machine|BIN2SEG:fark|BCD2SEG:inst1                         ; BCD2SEG                ; work         ;
;       |BCD2SEG:inst2|              ; 5 (5)               ; 0 (0)                     ; 0           ; 0            ; 0       ; 0         ; 0    ; 0            ; |Vending_Machine|BIN2SEG:fark|BCD2SEG:inst2                         ; BCD2SEG                ; work         ;
;       |BIN2BCD:inst|               ; 6 (0)               ; 0 (0)                     ; 0           ; 0            ; 0       ; 0         ; 0    ; 0            ; |Vending_Machine|BIN2SEG:fark|BIN2BCD:inst                          ; BIN2BCD                ; work         ;
;          |add3:m4|                 ; 1 (1)               ; 0 (0)                     ; 0           ; 0            ; 0       ; 0         ; 0    ; 0            ; |Vending_Machine|BIN2SEG:fark|BIN2BCD:inst|add3:m4                  ; add3                   ; work         ;
;          |add3:m5|                 ; 5 (5)               ; 0 (0)                     ; 0           ; 0            ; 0       ; 0         ; 0    ; 0            ; |Vending_Machine|BIN2SEG:fark|BIN2BCD:inst|add3:m5                  ; add3                   ; work         ;
;    |BIN2SEG:fiyat|                 ; 3 (0)               ; 0 (0)                     ; 0           ; 0            ; 0       ; 0         ; 0    ; 0            ; |Vending_Machine|BIN2SEG:fiyat                                      ; BIN2SEG                ; work         ;
;       |BCD2SEG:inst1|              ; 3 (3)               ; 0 (0)                     ; 0           ; 0            ; 0       ; 0         ; 0    ; 0            ; |Vending_Machine|BIN2SEG:fiyat|BCD2SEG:inst1                        ; BCD2SEG                ; work         ;
;    |BIN2SEG:para|                  ; 28 (0)              ; 0 (0)                     ; 0           ; 0            ; 0       ; 0         ; 0    ; 0            ; |Vending_Machine|BIN2SEG:para                                       ; BIN2SEG                ; work         ;
;       |BCD2SEG:inst1|              ; 16 (16)             ; 0 (0)                     ; 0           ; 0            ; 0       ; 0         ; 0    ; 0            ; |Vending_Machine|BIN2SEG:para|BCD2SEG:inst1                         ; BCD2SEG                ; work         ;
;       |BCD2SEG:inst2|              ; 5 (5)               ; 0 (0)                     ; 0           ; 0            ; 0       ; 0         ; 0    ; 0            ; |Vending_Machine|BIN2SEG:para|BCD2SEG:inst2                         ; BCD2SEG                ; work         ;
;       |BIN2BCD:inst|               ; 7 (0)               ; 0 (0)                     ; 0           ; 0            ; 0       ; 0         ; 0    ; 0            ; |Vending_Machine|BIN2SEG:para|BIN2BCD:inst                          ; BIN2BCD                ; work         ;
;          |add3:m5|                 ; 7 (7)               ; 0 (0)                     ; 0           ; 0            ; 0       ; 0         ; 0    ; 0            ; |Vending_Machine|BIN2SEG:para|BIN2BCD:inst|add3:m5                  ; add3                   ; work         ;
;    |DEMUX41:inst|                  ; 4 (4)               ; 0 (0)                     ; 0           ; 0            ; 0       ; 0         ; 0    ; 0            ; |Vending_Machine|DEMUX41:inst                                       ; DEMUX41                ; work         ;
;    |FullSubstractorAdapter:inst11| ; 5 (0)               ; 0 (0)                     ; 0           ; 0            ; 0       ; 0         ; 0    ; 0            ; |Vending_Machine|FullSubstractorAdapter:inst11                      ; FullSubstractorAdapter ; work         ;
;       |FullSubstractor:inst|       ; 5 (5)               ; 0 (0)                     ; 0           ; 0            ; 0       ; 0         ; 0    ; 0            ; |Vending_Machine|FullSubstractorAdapter:inst11|FullSubstractor:inst ; FullSubstractor        ; work         ;
+------------------------------------+---------------------+---------------------------+-------------+--------------+---------+-----------+------+--------------+---------------------------------------------------------------------+------------------------+--------------+
Note: For table entries with two numbers listed, the numbers in parentheses indicate the number of resources of the given type used by the specific entity alone. The numbers listed outside of parentheses indicate the total resources of the given type used by the specific entity and all of its sub-entities in the hierarchy.


+------------------------------------------------------+
; General Register Statistics                          ;
+----------------------------------------------+-------+
; Statistic                                    ; Value ;
+----------------------------------------------+-------+
; Total registers                              ; 0     ;
; Number of registers using Synchronous Clear  ; 0     ;
; Number of registers using Synchronous Load   ; 0     ;
; Number of registers using Asynchronous Clear ; 0     ;
; Number of registers using Asynchronous Load  ; 0     ;
; Number of registers using Clock Enable       ; 0     ;
; Number of registers using Preset             ; 0     ;
+----------------------------------------------+-------+


+---------------------------------------------------------------+
; Port Connectivity Checks: "BIN2SEG:fark|BIN2BCD:inst|add3:m6" ;
+-------+-------+----------+------------------------------------+
; Port  ; Type  ; Severity ; Details                            ;
+-------+-------+----------+------------------------------------+
; in[3] ; Input ; Info     ; Stuck at GND                       ;
+-------+-------+----------+------------------------------------+


+---------------------------------------------------------------+
; Port Connectivity Checks: "BIN2SEG:fark|BIN2BCD:inst|add3:m1" ;
+-------+-------+----------+------------------------------------+
; Port  ; Type  ; Severity ; Details                            ;
+-------+-------+----------+------------------------------------+
; in[3] ; Input ; Info     ; Stuck at GND                       ;
+-------+-------+----------+------------------------------------+


+-----------------------------------------------------+
; Post-Synthesis Netlist Statistics for Top Partition ;
+-----------------------+-----------------------------+
; Type                  ; Count                       ;
+-----------------------+-----------------------------+
; boundary_port         ; 57                          ;
; cycloneiii_lcell_comb ; 79                          ;
;     arith             ; 4                           ;
;         3 data inputs ; 4                           ;
;     normal            ; 75                          ;
;         0 data inputs ; 2                           ;
;         1 data inputs ; 4                           ;
;         2 data inputs ; 11                          ;
;         3 data inputs ; 15                          ;
;         4 data inputs ; 43                          ;
;                       ;                             ;
; Max LUT depth         ; 6.40                        ;
; Average LUT depth     ; 4.09                        ;
+-----------------------+-----------------------------+


+-------------------------------+
; Elapsed Time Per Partition    ;
+----------------+--------------+
; Partition Name ; Elapsed Time ;
+----------------+--------------+
; Top            ; 00:00:01     ;
+----------------+--------------+


+-------------------------------+
; Analysis & Synthesis Messages ;
+-------------------------------+
Info: *******************************************************************
Info: Running Quartus Prime Analysis & Synthesis
    Info: Version 16.1.0 Build 196 10/24/2016 SJ Lite Edition
    Info: Processing started: Tue May 23 20:42:40 2017
Info: Command: quartus_map --read_settings_files=on --write_settings_files=off Vending_Machine -c Vending_Machine
Warning (18236): Number of processors has not been specified which may cause overloading on shared machines.  Set the global assignment NUM_PARALLEL_PROCESSORS in your QSF to an appropriate value for best performance.
Info (20030): Parallel compilation is enabled and will use 4 of the 4 processors detected
Info (12021): Found 1 design units, including 1 entities, in source file vending_machine.bdf
    Info (12023): Found entity 1: Vending_Machine
Warning (12090): Entity "MUX41" obtained from "MUX41.bdf" instead of from Quartus Prime megafunction library
Info (12021): Found 1 design units, including 1 entities, in source file mux41.bdf
    Info (12023): Found entity 1: MUX41
Warning (12019): Can't analyze file -- file FullAdder.bdf is missing
Info (12021): Found 1 design units, including 1 entities, in source file fourbitcomparator.bdf
    Info (12023): Found entity 1: FourBitComparator
Info (12021): Found 1 design units, including 1 entities, in source file demux41.bdf
    Info (12023): Found entity 1: DEMUX41
Info (12021): Found 1 design units, including 1 entities, in source file bcd2seg.v
    Info (12023): Found entity 1: BCD2SEG File: C:/Users/bersa/Desktop/New folder (2)/Vending Machine/BCD2SEG.v Line: 1
Info (12021): Found 1 design units, including 1 entities, in source file add3.v
    Info (12023): Found entity 1: add3 File: C:/Users/bersa/Desktop/New folder (2)/Vending Machine/add3.v Line: 1
Info (12021): Found 1 design units, including 1 entities, in source file bin2bcd.v
    Info (12023): Found entity 1: BIN2BCD File: C:/Users/bersa/Desktop/New folder (2)/Vending Machine/BIN2BCD.v Line: 1
Warning (12019): Can't analyze file -- file segment.v is missing
Info (12021): Found 1 design units, including 1 entities, in source file bin2seg.bdf
    Info (12023): Found entity 1: BIN2SEG
Info (12021): Found 1 design units, including 1 entities, in source file fullsubstractor.v
    Info (12023): Found entity 1: FullSubstractor File: C:/Users/bersa/Desktop/New folder (2)/Vending Machine/FullSubstractor.v Line: 1
Info (12021): Found 1 design units, including 1 entities, in source file fullsubstractoradapter.bdf
    Info (12023): Found entity 1: FullSubstractorAdapter
Info (12127): Elaborating entity "Vending_Machine" for the top level hierarchy
Info (12128): Elaborating entity "BIN2SEG" for hierarchy "BIN2SEG:fark"
Info (12128): Elaborating entity "BCD2SEG" for hierarchy "BIN2SEG:fark|BCD2SEG:inst1"
Info (12128): Elaborating entity "BIN2BCD" for hierarchy "BIN2SEG:fark|BIN2BCD:inst"
Info (12128): Elaborating entity "add3" for hierarchy "BIN2SEG:fark|BIN2BCD:inst|add3:m1" File: C:/Users/bersa/Desktop/New folder (2)/Vending Machine/BIN2BCD.v Line: 15
Info (12128): Elaborating entity "FourBitComparator" for hierarchy "FourBitComparator:inst15"
Info (12128): Elaborating entity "MUX41" for hierarchy "MUX41:inst1"
Info (12128): Elaborating entity "FullSubstractorAdapter" for hierarchy "FullSubstractorAdapter:inst11"
Warning (275080): Converted elements in bus name "A" using legacy naming rules. Make any assignments on the new names, not on the original names.
    Warning (275081): Converted element name(s) from "A[4..0]" to "A4..0"
    Warning (275081): Converted element name(s) from "A[0]" to "A0"
    Warning (275081): Converted element name(s) from "A[1]" to "A1"
    Warning (275081): Converted element name(s) from "A[2]" to "A2"
    Warning (275081): Converted element name(s) from "A[3]" to "A3"
    Warning (275081): Converted element name(s) from "A[4]" to "A4"
Warning (275080): Converted elements in bus name "B" using legacy naming rules. Make any assignments on the new names, not on the original names.
    Warning (275081): Converted element name(s) from "B[4..0]" to "B4..0"
    Warning (275081): Converted element name(s) from "B[0]" to "B0"
    Warning (275081): Converted element name(s) from "B[1]" to "B1"
    Warning (275081): Converted element name(s) from "B[2]" to "B2"
    Warning (275081): Converted element name(s) from "B[3]" to "B3"
    Warning (275081): Converted element name(s) from "B[4]" to "B4"
Warning (275080): Converted elements in bus name "SUM" using legacy naming rules. Make any assignments on the new names, not on the original names.
    Warning (275081): Converted element name(s) from "SUM[4..0]" to "SUM4..0"
    Warning (275081): Converted element name(s) from "SUM[0]" to "SUM0"
    Warning (275081): Converted element name(s) from "SUM[1]" to "SUM1"
    Warning (275081): Converted element name(s) from "SUM[2]" to "SUM2"
    Warning (275081): Converted element name(s) from "SUM[3]" to "SUM3"
    Warning (275081): Converted element name(s) from "SUM[4]" to "SUM4"
Info (12128): Elaborating entity "FullSubstractor" for hierarchy "FullSubstractorAdapter:inst11|FullSubstractor:inst"
Info (12128): Elaborating entity "DEMUX41" for hierarchy "DEMUX41:inst"
Warning (13024): Output pins are stuck at VCC or GND
    Warning (13410): Pin "HEX3[1]" is stuck at GND
    Warning (13410): Pin "HEX5[1]" is stuck at GND
    Warning (13410): Pin "HEX6[2]" is stuck at GND
    Warning (13410): Pin "HEX7[1]" is stuck at GND
    Warning (13410): Pin "HEX7[2]" is stuck at GND
    Warning (13410): Pin "HEX7[6]" is stuck at VCC
Info (286030): Timing-Driven Synthesis is running
Info (16010): Generating hard_block partition "hard_block:auto_generated_inst"
    Info (16011): Adding 0 node(s), including 0 DDIO, 0 PLL, 0 transceiver and 0 LCELL
Info (21057): Implemented 131 device resources after synthesis - the final resource count might be different
    Info (21058): Implemented 7 input pins
    Info (21059): Implemented 50 output pins
    Info (21061): Implemented 74 logic cells
Info: Quartus Prime Analysis & Synthesis was successful. 0 errors, 32 warnings
    Info: Peak virtual memory: 642 megabytes
    Info: Processing ended: Tue May 23 20:42:51 2017
    Info: Elapsed time: 00:00:11
    Info: Total CPU time (on all processors): 00:00:19


